\BOOKMARK [0][-]{Doc-Start}{\376\377\000R\000\351\000s\000u\000m\000\351}{}% 1
\BOOKMARK [0][-]{Doc-Start}{\376\377\000A\000b\000s\000t\000r\000a\000c\000t}{}% 2
\BOOKMARK [0][-]{Doc-Start}{\376\377\000R\000e\000m\000e\000r\000c\000i\000e\000m\000e\000n\000t\000s}{}% 3
\BOOKMARK [-1][-]{part.1}{\376\377\000I\000\040\000Q\000u\000'\000e\000s\000t\000-\000c\000e\000-\000q\000u\000'\000u\000n\000e\000\040\000C\000r\000e\000e\000p\000y\000p\000a\000s\000t\000a\000\040\000?}{}% 4
\BOOKMARK [0][-]{chapter.1}{\376\377\000U\000n\000\040\000g\000e\000n\000r\000e\000\040\000h\000y\000b\000r\000i\000d\000e}{part.1}% 5
\BOOKMARK [0][-]{chapter.2}{\376\377\000L\000e\000s\000\040\000C\000P\000\040\000:\000\040\000d\000u\000\040\000p\000a\000r\000e\000i\000l\000\040\000a\000u\000\040\000m\000\350\000m\000e\000\040\000?\000\040}{part.1}% 6
\BOOKMARK [1][-]{section.2.1}{\376\377\000L\000e\000s\000\040\000C\000P\000\040\000c\000o\000m\000m\000e\000\040\000m\000\350\000m\000e}{chapter.2}% 7
\BOOKMARK [2][-]{subsection.2.1.1}{\376\377\000L\000e\000s\000\040\000d\000i\000f\000f\000\351\000r\000e\000n\000t\000e\000s\000\040\000t\000r\000a\000j\000e\000c\000t\000o\000i\000r\000e\000\040\000d\000'\000u\000n\000e\000\040\000C\000P}{section.2.1}% 8
\BOOKMARK [-1][-]{part.2}{\376\377\000I\000I\000\040\000R\000\351\000c\000u\000p\000\351\000r\000a\000t\000i\000o\000n\000\040\000d\000e\000s\000\040\000d\000o\000n\000n\000\351\000e\000s}{}% 9
\BOOKMARK [-1][-]{part.3}{\376\377\000I\000I\000I\000\040\000P\000r\000e\000m\000i\000e\000r\000s\000\040\000r\000\351\000s\000u\000l\000t\000a\000t\000s}{}% 10
\BOOKMARK [0][-]{chapter.3}{\376\377\000C\000a\000r\000a\000c\000t\000\351\000r\000i\000s\000a\000t\000i\000o\000n\000\040\000d\000e\000s\000\040\000C\000r\000e\000e\000p\000y\000p\000a\000s\000t\000a\000s}{part.3}% 11
\BOOKMARK [1][-]{section.3.1}{\376\377\000T\000o\000p\000i\000c\000\040\000M\000o\000d\000e\000l\000l\000i\000n\000g}{chapter.3}% 12
\BOOKMARK [1][-]{section.3.2}{\376\377\000R\000i\000c\000h\000e\000s\000s\000e\000\040\000L\000e\000x\000i\000c\000a\000l\000e\000\040\000e\000t\000\040\000i\000n\000d\000i\000c\000e\000\040\000d\000e\000\040\000l\000i\000s\000i\000b\000i\000l\000i\000t\000\351}{chapter.3}% 13
\BOOKMARK [2][-]{subsection.3.2.1}{\376\377\000L\000e\000s\000\040\000i\000n\000d\000i\000c\000e\000s\000\040\000d\000e\000\040\000l\000i\000s\000i\000b\000i\000l\000i\000t\000\351\000s}{section.3.2}% 14
\BOOKMARK [2][-]{subsection.3.2.2}{\376\377\000L\000e\000s\000\040\000i\000n\000d\000i\000c\000e\000s\000\040\000d\000e\000\040\000r\000i\000c\000h\000e\000s\000s\000e\000\040\000l\000e\000x\000i\000c\000a\000l\000e\000s}{section.3.2}% 15
\BOOKMARK [1][-]{section.3.3}{\376\377\000E\000m\000o\000t\000i\000o\000n\000s}{chapter.3}% 16
\BOOKMARK [2][-]{subsection.3.3.1}{\376\377\000L\000a\000\040\000p\000o\000l\000a\000r\000i\000t\000\351}{section.3.3}% 17
\BOOKMARK [2][-]{subsection.3.3.2}{\376\377\000L\000e\000s\000\040\000s\000e\000n\000t\000i\000m\000e\000n\000t\000s}{section.3.3}% 18
\BOOKMARK [0][-]{chapter.4}{\376\377\000R\000e\000g\000r\000e\000s\000s\000i\000o\000n\000\040\000L\000o\000g\000i\000s\000t\000i\000q\000u\000e}{part.3}% 19
\BOOKMARK [-1][-]{part.4}{\376\377\000I\000V\000\040\000A\000n\000n\000e\000x\000e}{}% 20
